iputils-20071127-20.el6.x86_64
numactl-2.0.9-2.el6.x86_64
fipscheck-lib-1.2.0-7.el6.x86_64
sssd-krb5-common-1.12.4-47.el6.x86_64
acpid-1.0.10-2.1.el6.x86_64
device-mapper-multipath-libs-0.4.9-87.el6.x86_64
sssd-krb5-1.12.4-47.el6.x86_64
dracut-kernel-004-388.el6.noarch
libattr-2.4.44-7.el6.x86_64
samba-winbind-clients-3.6.23-20.el6.x86_64
passwd-0.77-4.el6_2.2.x86_64
popt-1.13-7.el6.x86_64
keyutils-libs-1.4-5.el6.i686
libffi-3.0.5-3.2.el6.i686
libpng-1.2.49-1.el6_2.x86_64
irqbalance-1.0.7-5.el6.x86_64
openssh-server-5.3p1-112.el6_7.x86_64
sysstat-9.0.4-27.el6.x86_64
libsepol-2.0.41-4.el6.x86_64
dhclient-4.1.1-49.P1.el6.x86_64
iptables-ipv6-1.4.7-16.el6.x86_64
libffi-3.0.5-3.2.el6.x86_64
dbus-1.2.24-8.el6_6.x86_64
newt-python-0.52.11-3.el6.x86_64
freetype-2.3.11-15.el6_6.1.x86_64
yum-plugin-security-1.1.30-30.el6.noarch
dbus-python-0.83.0-6.1.el6.x86_64
hicolor-icon-theme-0.11-1.1.el6.noarch
python-dateutil-1.4.1-6.el6.noarch
libX11-common-1.6.0-6.el6.noarch
libXfixes-5.0.1-2.1.el6.x86_64
pciutils-3.1.10-4.el6.x86_64
blktrace-1.0.1-6.el6.x86_64
libXinerama-1.1.3-2.1.el6.x86_64
python-dmidecode-3.10.13-3.el6_4.x86_64
pygpgme-0.1-18.20090824bzr68.el6.x86_64
libXt-1.1.4-6.1.el6.x86_64
python-kerberos-1.1-7.el6.x86_64
python-lxml-2.2.3-1.1.el6.x86_64
jasper-libs-1.900.1-16.el6_6.3.x86_64
python-paramiko-1.7.5-2.1.el6.noarch
pkgconfig-0.23-9.1.el6.x86_64
nc-1.84-24.el6.x86_64
clamd-0.98.7-1.el6.x86_64
gpg-pubkey-0608b895-4bd22942
libmemcached-1.0.17-1.rhel6.x86_64
libselinux-python-2.0.94-5.8.el6.x86_64
man-pages-3.22-20.el6.noarch
glibc-common-2.12-1.166.el6_7.3.x86_64
htop-1.0.1-2.el6.x86_64
xmlrpc-c-1.16.24-1210.1840.el6.x86_64
net-tools-1.60-110.el6_2.x86_64
device-mapper-event-libs-1.02.95-3.el6_7.3.x86_64
gpm-libs-1.20.6-12.el6.x86_64
selinux-policy-3.7.19-279.el6_7.6.noarch
libgcc-4.4.7-16.el6.x86_64
libusb-0.1.12-23.el6.x86_64
initscripts-9.03.49-1.el6_7.1.x86_64
nss-softokn-3.14.3-23.el6_7.x86_64
libcom_err-1.41.12-22.el6.x86_64
mailx-12.4-8.el6_6.x86_64
pth-2.0.7-9.3.el6.x86_64
db4-utils-4.7.25-20.el6_7.x86_64
nss-util-3.19.1-1.el6_6.x86_64
rhnlib-2.5.22-15.el6.noarch
perf-2.6.32-573.7.1.el6.x86_64
augeas-libs-1.0.0-10.el6.x86_64
rhnsd-4.9.3-2.el6.x86_64
nss-softokn-freebl-3.14.3-23.el6_7.i686
libudev-147-2.63.el6.x86_64
python-zmq-14.3.1-1.el6.x86_64
grep-2.20-3.el6.x86_64
python-requests-2.6.0-3.el6.noarch
libss-1.41.12-22.el6.x86_64
salt-2015.5.5-1.el6.noarch
gdbm-1.8.0-38.el6.x86_64
libdnet-1.12-6.el6.x86_64
perl-Module-Pluggable-3.90-141.el6.x86_64
perl-5.10.1-141.el6.x86_64
coreutils-libs-8.4-37.el6.x86_64
python-sssdconfig-1.12.4-47.el6.noarch
gnutls-2.8.5-18.el6.x86_64
nss-sysinit-3.19.1-3.el6_6.x86_64
curl-7.19.7-46.el6.x86_64
xz-libs-4.999.9-0.5.beta.20091007git.el6.x86_64
rpm-python-4.8.0-47.el6.x86_64
kbd-1.15-11.el6.x86_64
yum-rhn-plugin-0.9.1-58.el6.noarch
libnl-1.1.4-2.el6.x86_64
vim-common-7.4.629-5.el6.x86_64
libblkid-2.17.2-12.18.el6.x86_64
libpcap-1.4.0-4.20130826git2dbcaa1.el6.x86_64
p11-kit-0.18.5-2.el6_5.2.x86_64
libreport-compat-2.0.9-24.el6.x86_64
libreport-python-2.0.9-24.el6.x86_64
libxslt-1.1.26-2.el6_3.1.x86_64
libreport-plugin-ureport-2.0.9-24.el6.x86_64
abrt-tui-2.0.8-34.el6.x86_64
libjpeg-turbo-1.2.1-3.el6_5.x86_64
python-iwlib-0.1-1.2.el6.x86_64
vim-enhanced-7.4.629-5.el6.x86_64
p11-kit-trust-0.18.5-2.el6_5.2.x86_64
libuser-0.56.13-8.el6_7.x86_64
file-5.04-21.el6.x86_64
sos-3.2-28.el6.noarch
dbus-glib-0.86-6.el6_4.x86_64
grub-0.97-94.el6.x86_64
crash-7.1.0-3.el6.x86_64
libgudev1-147-2.63.el6.x86_64
libproxy-bin-0.3.0-10.el6.x86_64
cracklib-dicts-2.8.16-4.el6.x86_64
time-1.7-38.el6.x86_64
dmidecode-2.12-6.el6.x86_64
upstart-0.6.5-13.el6_5.3.x86_64
redhat-logos-60.0.14-1.el6.noarch
abrt-python-2.0.8-34.el6.x86_64
lzo-2.03-3.1.el6_5.1.x86_64
readline-6.0-4.el6.i686
less-436-13.el6.x86_64
policycoreutils-2.0.83-24.el6.x86_64
c-ares-1.10.0-3.el6.x86_64
fipscheck-1.2.0-7.el6.x86_64
filesystem-2.4.30-3.el6.x86_64
pam_krb5-2.3.11-9.el6.x86_64
libcap-2.16-5.5.el6.x86_64
info-4.13a-8.el6.x86_64
gpgme-1.1.8-3.el6.x86_64
mingetty-1.08-5.el6.x86_64
gawk-3.1.7-10.el6.x86_64
libtalloc-2.0.7-2.el6.x86_64
readline-6.0-4.el6.x86_64
gamin-0.1.10-9.el6.x86_64
ustr-1.0.4-9.1.el6.x86_64
sed-4.2.1-10.el6.x86_64
python-iniparse-0.3.1-2.1.el6.noarch
fontconfig-2.8.0-5.el6.x86_64
libSM-1.2.1-2.el6.x86_64
libtdb-1.2.10-1.el6.x86_64
pixman-0.32.4-4.el6.x86_64
python-simplejson-2.0.9-3.1.el6.x86_64
libxcb-1.9.1-3.el6.x86_64
libX11-1.6.0-6.el6.x86_64
libidn-1.18-2.el6.x86_64
libXext-1.3.2-2.1.el6.x86_64
libcap-ng-0.6.4-3.el6_0.1.x86_64
cairo-1.8.8-6.el6_6.x86_64
libgpg-error-1.7-4.el6.x86_64
libXcursor-1.1.14-2.1.el6.x86_64
python-ldap-2.3.10-1.el6.x86_64
libXrandr-1.4.1-2.1.el6.x86_64
yum-metadata-parser-1.1.2-16.el6.x86_64
libXft-2.3.1-2.el6.x86_64
bzip2-1.0.5-7.el6_0.x86_64
libXcomposite-0.4.3-4.el6.x86_64
python-netaddr-0.7.5-4.el6.noarch
pango-1.28.1-10.el6.x86_64
python-crypto-2.0.1-22.el6.x86_64
vim-X11-7.4.629-5.el6.x86_64
python-pycurl-7.19.0-8.el6.x86_64
telnet-0.17-48.el6.x86_64
clamav-0.98.7-1.el6.x86_64
aide-0.14-7.el6.x86_64
lua-5.1.4-4.1.el6.x86_64
zabbix-2.4.2-1.el6.x86_64
symlinks-1.4-2.1.el6.x86_64
nginx-1.6.2-1.el6.ngx.x86_64
libevent-2.0.19-1.rhel6.x86_64
python-backports-ssl_match_hostname-3.4.0.2-4.el6.noarch
pgpool-II-93-3.4.1-1.rhel6.x86_64
libldb-1.1.13-3.el6.x86_64
jdk1.8.0_51-1.8.0_51-fcs.x86_64
nss-softokn-freebl-3.14.3-23.el6_7.x86_64
libpwquality-1.1.1-1.el6.x86_64
bash-4.1.2-33.el6_7.1.x86_64
libtar-1.2.11-17.el6_4.1.x86_64
openldap-2.4.40-6.el6_7.x86_64
xmlrpc-c-client-1.16.24-1210.1840.el6.x86_64
device-mapper-1.02.95-3.el6_7.3.x86_64
python-setuptools-0.6.10-3.el6.noarch
xfsprogs-3.1.1-16.el6.x86_64
db4-4.7.25-20.el6_7.x86_64
lvm2-libs-2.02.118-3.el6_7.3.x86_64
gpg-pubkey-2fa658e0-45700c69
acl-2.2.49-6.el6.x86_64
bind-libs-9.8.2-0.37.rc1.el6_7.4.x86_64
ncurses-base-5.7-4.20090207.el6.x86_64
gmp-4.3.1-7.el6_2.2.x86_64
procps-3.2.8-34.el6_7.x86_64
tzdata-2015f-1.el6.noarch
kernel-firmware-2.6.32-573.7.1.el6.noarch
m4-1.4.13-5.el6.x86_64
zabbix-agent-2.4.6-1.el6.x86_64
bind-utils-9.8.2-0.37.rc1.el6_7.4.x86_64
chkconfig-1.3.49.3-5.el6.x86_64
lvm2-2.02.118-3.el6_7.3.x86_64
nspr-4.10.8-1.el6_6.x86_64
slang-2.2.1-1.el6.x86_64
python-gudev-147.1-4.el6_0.1.x86_64
pam-1.1.1-20.el6_7.1.x86_64
dbus-libs-1.2.24-8.el6_6.x86_64
openldap-clients-2.4.40-6.el6_7.x86_64
libxml2-2.7.6-20.el6.x86_64
ksh-20120801-28.el6_7.3.x86_64
glibc-2.12-1.166.el6_7.3.i686
cyrus-sasl-lib-2.1.23-15.el6_6.2.x86_64
sqlite-3.6.20-1.el6_7.2.i686
libsss_idmap-1.12.4-47.el6.x86_64
zeromq3-3.2.5-1.el6.x86_64
pcre-7.8-7.el6.x86_64
libyaml-0.1.3-4.el6_6.x86_64
elfutils-libs-0.161-3.el6.x86_64
python-chardet-2.2.1-1.el6.noarch
openssl-1.0.1e-42.el6.x86_64
python-msgpack-0.4.6-1.el6.x86_64
binutils-2.20.51.0.2-5.43.el6.x86_64
python-jinja2-2.2.1-2.el6_5.x86_64
hwdata-0.233-14.1.el6.noarch
libselinux-2.0.94-5.8.el6.x86_64
salt-minion-2015.5.5-1.el6.noarch
python-2.6.6-64.el6.x86_64
libicu-4.2.1-12.el6.x86_64
perl-Pod-Escapes-1.04-141.el6.x86_64
open-vm-tools-9.4.6-1.el6.x86_64
perl-Pod-Simple-3.13-141.el6.x86_64
libtevent-0.9.18-3.el6.x86_64
perl-libs-5.10.1-141.el6.x86_64
libxml2-python-2.7.6-20.el6.x86_64
coreutils-8.4-37.el6.x86_64
python-six-1.9.0-2.el6.noarch
keyutils-libs-1.4-5.el6.x86_64
elfutils-0.161-3.el6.x86_64
libdhash-0.4.3-11.el6.x86_64
cyrus-sasl-gssapi-2.1.23-15.el6_6.2.x86_64
nss-3.19.1-3.el6_6.x86_64
nss-tools-3.19.1-3.el6_6.x86_64
rpm-libs-4.8.0-47.el6.x86_64
rpm-4.8.0-47.el6.x86_64
satyr-0.18-1.el6.x86_64
yum-3.2.29-69.el6.noarch
rhn-setup-1.0.0.1-32.el6.noarch
libbasicobjects-0.1.1-11.el6.x86_64
python-rhsm-1.14.3-1.el6.x86_64
libgcrypt-1.4.5-11.el6_4.x86_64
e2fsprogs-libs-1.41.12-22.el6.x86_64
libref_array-0.1.4-11.el6.x86_64
tar-1.23-13.el6.x86_64
cpio-2.10-12.el6_5.x86_64
libipa_hbac-1.12.4-47.el6.x86_64
libreport-filesystem-2.0.9-24.el6.x86_64
plymouth-scripts-0.8.3-27.el6_5.1.x86_64
libreport-plugin-rhtsupport-2.0.9-24.el6.x86_64
libreport-2.0.9-24.el6.x86_64
libselinux-utils-2.0.94-5.8.el6.x86_64
abrt-libs-2.0.8-34.el6.x86_64
libssh2-1.4.2-1.el6_6.1.x86_64
libreport-plugin-kerneloops-2.0.9-24.el6.x86_64
pciutils-libs-3.1.10-4.el6.x86_64
redhat-release-server-6Server-6.7.0.3.el6.x86_64
dhcp-common-4.1.1-49.P1.el6.x86_64
btparser-0.17-2.el6.x86_64
libreport-cli-2.0.9-24.el6.x86_64
MAKEDEV-3.24-6.el6.x86_64
libtiff-3.9.4-10.el6_5.x86_64
sudo-1.8.6p3-20.el6_7.x86_64
e2fsprogs-1.41.12-22.el6.x86_64
iw-3.10-1.1.el6.x86_64
python-nss-0.16.0-1.el6.x86_64
glib2-2.28.8-4.el6.x86_64
python-urllib3-1.10.2-1.el6.noarch
make-3.81-20.el6.x86_64
grubby-7.0.15-7.el6.x86_64
gdb-7.2-83.el6.x86_64
python-backports-1.0-5.el6.x86_64
dash-0.5.5.1-4.el6.x86_64
device-mapper-persistent-data-0.3.2-1.el6.x86_64
authconfig-6.1.12-23.el6.x86_64
krb5-workstation-1.10.3-42.el6.x86_64
groff-1.18.1.4-21.el6.x86_64
libproxy-0.3.0-10.el6.x86_64
cracklib-2.8.16-4.el6.x86_64
python-urlgrabber-3.9.1-9.el6.noarch
psmisc-22.6-19.el6_5.x86_64
libini_config-1.1.0-11.el6.x86_64
gzip-1.3.12-22.el6.x86_64
avahi-libs-0.6.25-15.el6.x86_64
samba4-libs-4.0.0-66.el6_6.rc4.x86_64
sssd-common-1.12.4-47.el6.x86_64
sssd-common-pac-1.12.4-47.el6.x86_64
openssh-5.3p1-112.el6_7.x86_64
kpartx-0.4.9-87.el6.x86_64
sssd-ad-1.12.4-47.el6.x86_64
sssd-ldap-1.12.4-47.el6.x86_64
dracut-004-388.el6.noarch
kernel-2.6.32-573.3.1.el6.x86_64
cronie-1.4.4-15.el6.x86_64
samba-common-3.6.23-20.el6.x86_64
ntpdate-4.2.6p5-5.el6.x86_64
kernel-2.6.32-504.8.1.el6.x86_64
expat-2.0.1-11.el6_2.i686
krb5-libs-1.10.3-42.el6.i686
gdbm-1.8.0-38.el6.i686
system-config-firewall-base-1.2.27-7.2.el6_6.noarch
samba-client-3.6.23-20.el6.x86_64
postfix-2.6.6-6.el6_5.x86_64
sssd-1.12.4-47.el6.x86_64
openssh-clients-5.3p1-112.el6_7.x86_64
system-config-firewall-tui-1.2.27-7.2.el6_6.noarch
libdrm-2.4.59-2.el6.x86_64
cyrus-sasl-2.1.23-15.el6_6.2.x86_64
subscription-manager-1.14.10-1.el6.x86_64
cryptsetup-luks-1.2.0-11.el6.x86_64
abrt-addon-ccpp-2.0.8-34.el6.x86_64
abrt-addon-python-2.0.8-34.el6.x86_64
tcpdump-4.0.0-5.20090921gitdf3cb4.2.el6.x86_64
crda-1.1.3_2014.06.13-1.el6.x86_64
python-libs-2.6.6-64.el6.i686
yum-utils-1.1.30-30.el6.noarch
nano-2.0.9-7.el6.x86_64
attr-2.4.44-7.el6.x86_64
mtr-0.75-5.el6.x86_64
traceroute-2.0.14-2.el6.x86_64
xz-lzma-compat-4.999.9-0.5.beta.20091007git.el6.x86_64
keyutils-1.4-5.el6.x86_64
audit-2.3.7-5.el6.x86_64
rsync-3.0.6-12.el6.x86_64
wget-1.12-5.el6_6.1.x86_64
busybox-1.15.1-21.el6_6.x86_64
rootfiles-8.1-6.1.el6.noarch
words-3.0-17.el6.noarch
kbd-misc-1.15-11.el6.noarch
usermode-1.102-3.el6.x86_64
oddjob-0.30-5.el6.x86_64
crontabs-1.10-33.el6.noarch
virt-what-1.11-1.2.el6.x86_64
cyrus-sasl-plain-2.1.23-15.el6_6.2.x86_64
unzip-6.0-2.el6_6.x86_64
ncurses-5.7-4.20090207.el6.x86_64
lsof-4.82-5.el6.x86_64
efibootmgr-0.5.4-13.el6.x86_64
man-pages-overrides-6.7.5-1.el6.noarch
shadow-utils-4.1.4.2-19.el6_6.1.x86_64
system-config-network-tui-1.6.0.el6.2-1.el6.noarch
abrt-2.0.8-34.el6.x86_64
ncurses-libs-5.7-4.20090207.el6.i686
zlib-1.2.3-29.el6.i686
libsemanage-2.0.43-5.1.el6.x86_64
iptables-1.4.7-16.el6.x86_64
udev-147-2.63.el6.x86_64
util-linux-ng-2.17.2-12.18.el6.x86_64
basesystem-10.0-4.el6.noarch
sssd-ipa-1.12.4-47.el6.x86_64
sssd-proxy-1.12.4-47.el6.x86_64
cryptsetup-luks-libs-1.2.0-11.el6.x86_64
cronie-anacron-1.4.4-15.el6.x86_64
man-1.6f-32.el6.x86_64
zlib-1.2.3-29.el6.x86_64
samba-winbind-3.6.23-20.el6.x86_64
plymouth-0.8.3-27.el6_5.1.x86_64
libaio-0.3.107-10.el6.x86_64
openssl-1.0.1e-42.el6.i686
rsyslog-5.8.10-10.el6_6.x86_64
libacl-2.2.49-6.el6.x86_64
ntp-4.2.6p5-5.el6.x86_64
expat-2.0.1-11.el6_2.x86_64
device-mapper-multipath-0.4.9-87.el6.x86_64
bzip2-libs-1.0.5-7.el6_0.x86_64
mdadm-3.3.2-5.el6.x86_64
iscsi-initiator-utils-6.2.0.873-14.el6.x86_64
abrt-addon-kerneloops-2.0.8-34.el6.x86_64
logrotate-3.7.8-23.el6.x86_64
crash-gcore-command-1.0-5.el6.x86_64
tcp_wrappers-libs-7.6-57.el6.x86_64
libICE-1.0.6-1.el6.x86_64
findutils-4.4.2-6.el6.x86_64
libXau-1.0.6-4.el6.x86_64
gnupg2-2.0.14-8.el6.x86_64
m2crypto-0.20.2-9.el6.x86_64
which-2.19-6.el6.x86_64
libXrender-0.9.8-2.1.el6.x86_64
atk-1.30.0-1.el6.x86_64
libXdamage-1.1.3-4.el6.x86_64
zip-3.0-1.el6.x86_64
python-krbV-1.0.90-3.el6.x86_64
libXi-1.7.2-2.2.el6.x86_64
python-ethtool-0.6-5.el6.x86_64
bridge-utils-1.2-10.el6.x86_64
libthai-0.1.12-3.el6.x86_64
gtk2-2.24.23-6.el6.x86_64
setuptool-1.19.9-4.el6.x86_64
clamav-db-0.98.7-1.el6.x86_64
crash-trace-command-1.0-5.el6.x86_64
pytalloc-2.0.7-2.el6.x86_64
samba-3.6.23-20.el6.x86_64
redhat-indexhtml-6-6.el6.noarch
logstash-1.5.0-1.noarch
openpgm-5.1.118-3.el6.x86_64
glibc-2.12-1.166.el6_7.3.x86_64
device-mapper-libs-1.02.95-3.el6_7.3.x86_64
python-nose-0.10.4-3.1.el6.noarch
checkpolicy-2.0.22-1.el6.x86_64
device-mapper-event-1.02.95-3.el6_7.3.x86_64
gpg-pubkey-fd431d51-4ae0493b
sqlite-3.6.20-1.el6_7.2.x86_64
vim-filesystem-7.4.629-5.el6.x86_64
diffutils-2.8.1-28.el6.x86_64
kernel-2.6.32-573.7.1.el6.x86_64
ncurses-libs-5.7-4.20090207.el6.x86_64
libedit-2.11-4.20080712cvs.1.el6.x86_64
selinux-policy-targeted-3.7.19-279.el6_7.6.noarch
krb5-libs-1.10.3-42.el6.x86_64
pygobject2-2.20.0-5.el6.x86_64
newt-0.52.11-3.el6.x86_64
postgresql93-libs-9.3.9-1PGDG.rhel6.x86_64
json-c-0.11-12.el6.x86_64
gdk-pixbuf2-2.24.1-6.el6_7.x86_64
elfutils-libelf-0.161-3.el6.x86_64
db4-4.7.25-20.el6_7.i686
libstdc++-4.4.7-16.el6.x86_64
setup-2.8.14-20.el6_4.1.noarch
PyYAML-3.10-3.1.el6.x86_64
ca-certificates-2015.2.4-65.0.1.el6_6.noarch
python-babel-0.9.4-5.1.el6.noarch
module-init-tools-3.9-25.el6.x86_64
libmspack-0.5-0.1.alpha.el6.x86_64
python-libs-2.6.6-64.el6.x86_64
audit-libs-2.3.7-5.el6.x86_64
open-vm-tools-deploypkg-9.4.10-3.x86_64
perl-version-0.77-141.el6.x86_64
sysvinit-tools-2.87-6.dsf.el6.x86_64
libcurl-7.19.7-46.el6.x86_64
libuuid-2.17.2-12.18.el6.x86_64
rhn-client-tools-1.0.0.1-32.el6.noarch
file-libs-5.04-21.el6.x86_64
sssd-client-1.12.4-47.el6.x86_64
libcollection-0.6.2-11.el6.x86_64
vim-minimal-7.4.629-5.el6.x86_64
libtasn1-2.3-6.el6_5.x86_64
ethtool-3.5-6.el6.x86_64
xz-4.999.9-0.5.beta.20091007git.el6.x86_64
libreport-plugin-reportuploader-2.0.9-24.el6.x86_64
libreport-plugin-mailx-2.0.9-24.el6.x86_64
libutempter-1.1.5-4.1.el6.x86_64
libreport-plugin-logger-2.0.9-24.el6.x86_64
libpciaccess-0.13.3-0.1.el6.x86_64
rhn-check-1.0.0.1-32.el6.noarch
libnih-1.0.1-7.el6.x86_64
cups-libs-1.4.2-72.el6.x86_64
shared-mime-info-0.70-6.el6.x86_64
oddjob-mkhomedir-0.30-5.el6.x86_64
pyOpenSSL-0.13.1-2.el6.x86_64
dstat-0.7.0-2.el6.noarch
snappy-1.1.0-1.el6.x86_64
mysql-libs-5.1.73-5.el6_6.x86_64
libproxy-python-0.3.0-10.el6.x86_64
pinentry-0.7.6-8.el6.x86_64
wireless-tools-29-6.el6.x86_64
pam_passwdqc-1.0.5-8.el6.x86_64
libselinux-2.0.94-5.8.el6.i686
libcom_err-1.41.12-22.el6.i686
libpath_utils-0.2.1-11.el6.x86_64
bzip2-libs-1.0.5-7.el6_0.i686
plymouth-core-libs-0.8.3-27.el6_5.1.x86_64
iproute-2.6.32-45.el6.x86_64
